************* Module mllib.lib.glmnet_ts
glmnet_ts.py:22:20: W0621: Redefining name 'y_var' from outer scope (line 74) (redefined-outer-name)
glmnet_ts.py:23:20: W0621: Redefining name 'x_var' from outer scope (line 75) (redefined-outer-name)
glmnet_ts.py:21:0: C0103: Argument name "df" doesn't conform to snake_case naming style (invalid-name)
glmnet_ts.py:67:4: C0103: Variable name "op" doesn't conform to snake_case naming style (invalid-name)
glmnet_ts.py:71:0: C0103: Constant name "df_ip" doesn't conform to UPPER_CASE naming style (invalid-name)
glmnet_ts.py:74:0: C0103: Constant name "y_var" doesn't conform to UPPER_CASE naming style (invalid-name)
glmnet_ts.py:75:0: C0103: Constant name "x_var" doesn't conform to UPPER_CASE naming style (invalid-name)
glmnet_ts.py:77:0: C0103: Constant name "param" doesn't conform to UPPER_CASE naming style (invalid-name)
glmnet_ts.py:86:0: C0103: Constant name "df_ip" doesn't conform to UPPER_CASE naming style (invalid-name)
glmnet_ts.py:88:0: C0103: Constant name "lag_var" doesn't conform to UPPER_CASE naming style (invalid-name)
glmnet_ts.py:89:0: C0103: Constant name "x_var" doesn't conform to UPPER_CASE naming style (invalid-name)
glmnet_ts.py:93:0: C0103: Constant name "max_epoch" doesn't conform to UPPER_CASE naming style (invalid-name)
glmnet_ts.py:96:0: C0103: Constant name "df_pred_data" doesn't conform to UPPER_CASE naming style (invalid-name)
glmnet_ts.py:99:0: C0103: Constant name "df_train" doesn't conform to UPPER_CASE naming style (invalid-name)
glmnet_ts.py:100:0: C0103: Constant name "df_test" doesn't conform to UPPER_CASE naming style (invalid-name)
glmnet_ts.py:102:0: C0103: Constant name "train_x" doesn't conform to UPPER_CASE naming style (invalid-name)
glmnet_ts.py:103:0: C0103: Constant name "train_y" doesn't conform to UPPER_CASE naming style (invalid-name)
glmnet_ts.py:106:0: C0103: Constant name "test_x" doesn't conform to UPPER_CASE naming style (invalid-name)
glmnet_ts.py:107:0: C0103: Constant name "test_y" doesn't conform to UPPER_CASE naming style (invalid-name)
glmnet_ts.py:109:0: C0103: Constant name "test_x" doesn't conform to UPPER_CASE naming style (invalid-name)
glmnet_ts.py:110:0: C0103: Constant name "test_y" doesn't conform to UPPER_CASE naming style (invalid-name)
glmnet_ts.py:116:0: C0103: Constant name "mod" doesn't conform to UPPER_CASE naming style (invalid-name)
glmnet_ts.py:127:0: C0103: Constant name "opt" doesn't conform to UPPER_CASE naming style (invalid-name)
glmnet_ts.py:133:0: C0103: Constant name "model" doesn't conform to UPPER_CASE naming style (invalid-name)
glmnet_ts.py:134:0: W0127: Assigning the same variable 'opt' to itself (self-assigning-variable)
glmnet_ts.py:134:0: C0103: Constant name "opt" doesn't conform to UPPER_CASE naming style (invalid-name)
glmnet_ts.py:138:0: C0103: Constant name "df_predict" doesn't conform to UPPER_CASE naming style (invalid-name)
glmnet_ts.py:139:0: C0103: Constant name "df_predict" doesn't conform to UPPER_CASE naming style (invalid-name)
glmnet_ts.py:142:0: C0103: Constant name "df_predict" doesn't conform to UPPER_CASE naming style (invalid-name)
glmnet_ts.py:143:0: C0103: Constant name "df_predict" doesn't conform to UPPER_CASE naming style (invalid-name)
glmnet_ts.py:166:0: C0103: Constant name "y" doesn't conform to UPPER_CASE naming style (invalid-name)
glmnet_ts.py:167:0: C0103: Constant name "y_hat" doesn't conform to UPPER_CASE naming style (invalid-name)
glmnet_ts.py:168:0: C0103: Constant name "model_summary" doesn't conform to UPPER_CASE naming style (invalid-name)
glmnet_ts.py:168:24: I1101: Module 'metrics' has no 'rsq' member, but source is unavailable. Consider adding this module to extension-pkg-whitelist if you want to perform analysis based on run-time introspection of living objects. (c-extension-no-member)
glmnet_ts.py:169:24: I1101: Module 'metrics' has no 'mae' member, but source is unavailable. Consider adding this module to extension-pkg-whitelist if you want to perform analysis based on run-time introspection of living objects. (c-extension-no-member)
glmnet_ts.py:170:25: I1101: Module 'metrics' has no 'mape' member, but source is unavailable. Consider adding this module to extension-pkg-whitelist if you want to perform analysis based on run-time introspection of living objects. (c-extension-no-member)
glmnet_ts.py:171:25: I1101: Module 'metrics' has no 'rmse' member, but source is unavailable. Consider adding this module to extension-pkg-whitelist if you want to perform analysis based on run-time introspection of living objects. (c-extension-no-member)
glmnet_ts.py:173:0: W0104: Statement seems to have no effect (pointless-statement)
glmnet_ts.py:9:0: W0611: Unused Dict imported from typing (unused-import)
glmnet_ts.py:15:0: W0611: Unused train_test_split imported from sklearn.model_selection as split (unused-import)

------------------------------------------------------------------
Your code has been rated at 5.38/10 (previous run: 5.38/10, +0.00)

